<?xml version="1.0" encoding="UTF-8"?>
<!-- Generated by org.testng.reporters.JUnitXMLReporter -->
<testsuite hostname="DESKTOP-P12432T" ignored="0" name="testNGTest2" tests="1" failures="1" timestamp="10 Mar 2019 19:53:18 GMT" time="5.283" errors="0">
  <testcase name="loginTest" time="1.768" classname="nopcommerce_V1_maven.testCases.TC_LoginTest_001">
    <failure type="java.lang.AssertionError" message="expected [true] but found [false]">
      <![CDATA[java.lang.AssertionError: expected [true] but found [false]
at nopcommerce_V1_maven.testCases.TC_LoginTest_001.loginTest(TC_LoginTest_001.java:46)
... Removed 29 stack frames]]>
    </failure>
  </testcase> <!-- loginTest -->
</testsuite> <!-- testNGTest2 -->
